
ROM used:   2500/8192 (31%)
            2586/8192 (32%) including unused fragments

            1.7 Average locations per line
            10.3 Average locations per statement

RAM used:   29/368 (8%) at main() level
            63/368 (17%) worst case

Stack used: 5 worst case (5 in main + 0 for interrupts)
Stack size: 8

Lines Stmts  %   Files
----- ----- ---  -----
  342   142  59  main.c
  661     0   0  ..\..\..\..\..\..\..\..\Program Files (x86)\PICC\Devices\16F877A.h
  456   100  41  ..\..\..\..\..\..\..\..\Program Files (x86)\PICC\Drivers\lcd.c
----- -----
 1459   242 Total

Page ROM  %  RAM   Vol Diff  Functions:
---- --- --- ---   --- ----  ----------
0     24   1    1   262  3.7  @delay_ms3
0     17   1    1   760  4.5  @delay_us3
0      8   0    0   262  3.7  @const634
 Inline         3   760  4.5  lcd_read_byte
0     49   2    2   262  3.7  lcd_read_nibble
0     45   2    1   399  2.4  lcd_send_nibble
0     93   4    3   415  3.7  lcd_send_byte
0     61   2    2   704  5.0  lcd_init
0     18   1    4   208  6.3  lcd_gotoxy
0     44   2    1   354  4.7  lcd_putc
0     42   2    1   179  2.7  ds18b20_start
0     42   2    1   179  2.7  ds18b20_start1
 Inline         1   154  1.8  ds18b20_write_bit
 Inline         1   154  1.8  ds18b20_write_bit1
0     53   2    3   120  3.7  ds18b20_write_byte
0     53   2    3   120  3.7  ds18b20_write_byte1
 Inline         1   183  2.3  ds18b20_read_bit
 Inline         1   183  2.3  ds18b20_read_bit1
0     50   2    2   166  4.4  ds18b20_read_byte
0     50   2    2   166  4.4  ds18b20_read_byte1
0     88   4    8   331  5.8  ds18b20_read
0     88   4    8   331  5.8  ds18b20_read1
1    538  22   24  2138  7.4  MAIN
0      4   0    0  2020  7.4  @const700
0     75   3    4             @PSTRINGC7_653
0      4   0    0             @const702
0     37   1    2             @SITOF
0    202   8   14             @DIVFF
 Inline        13             @MULFF
 Inline         5             @FTOSD
0     79   3   13             @DIV3232
0    339  14   13             @PRINTF_L32D_653FPFPF
0      2   0    0             @const725
0      2   0    0             @const727
0      5   0    0             @const728
0    321  13   16             @ADDFF
0     63   3   10             @FLT
 Inline         0             @cinit1

Program metrics:
    Functions               24
    Statements              242
    Comments                380
    Volume (V)              18481
    Difficulty (D)          98.5
    Effort to implement (E) 1819981
    Time to implement (T)   28 hours, 5 minutes
    Est Delivered Bugs (B)  5
    Cyclomatic Complexity   34
    Maintainability (MI)    93

 Segment     Used  Free
-----------  ----  ----
00000-00003     4  0  
00004-007FF  1958  86  
00800-00FFF   538  1510  
01000-017FF     0  2048  
01800-01FFF     0  2048  



